<?xml version="1.0" encoding="UTF-8"?><testsuite errors="1" failures="0" name="crear cuenta en advantage" skipped="0" tests="1" time="12.86" timestamp="2022-04-26 06:24:01"><testcase name="realizar compra de multiples productos, sin crear cuenta"><error message="Cannot locate an element using xpath=//*[@id=&quot;itemc&quot;][1]&#10;For documentation on this error, please visit: https://www.seleniumhq.org/exceptions/no_such_element.html&#10;Build info: version: '3.141.59', revision: 'e82be7d358', time: '2018-11-14T08:17:03'&#10;System info: host: '50HW019035', ip: '192.168.20.42', os.name: 'Windows 10', os.arch: 'amd64', os.version: '10.0', java.version: '1.8.0_191'&#10;Driver info: driver.version: RemoteWebDriver&#10;For documentation on this error, please visit: https://www.seleniumhq.org/exceptions/no_such_element.html&#10;Build info: version: '3.141.59', revision: 'e82be7d358', time: '2018-11-14T08:17:03'&#10;System info: host: '50HW019035', ip: '192.168.20.42', os.name: 'Windows 10', os.arch: 'amd64', os.version: '10.0', java.version: '1.8.0_191'&#10;Driver info: driver.version: unknown" type="org.openqa.selenium.NoSuchElementException">Cannot locate an element using xpath=//*[@id="itemc"][1]
For documentation on this error, please visit: https://www.seleniumhq.org/exceptions/no_such_element.html
Build info: version: '3.141.59', revision: 'e82be7d358', time: '2018-11-14T08:17:03'
System info: host: '50HW019035', ip: '192.168.20.42', os.name: 'Windows 10', os.arch: 'amd64', os.version: '10.0', java.version: '1.8.0_191'
Driver info: driver.version: RemoteWebDriver
For documentation on this error, please visit: https://www.seleniumhq.org/exceptions/no_such_element.html
Build info: version: '3.141.59', revision: 'e82be7d358', time: '2018-11-14T08:17:03'
System info: host: '50HW019035', ip: '192.168.20.42', os.name: 'Windows 10', os.arch: 'amd64', os.version: '10.0', java.version: '1.8.0_191'
Driver info: driver.version: unknown</error><system-err>Cannot locate an element using xpath=//*[@id="itemc"][1]
For documentation on this error, please visit: https://www.seleniumhq.org/exceptions/no_such_element.html
Build info: version: '3.141.59', revision: 'e82be7d358', time: '2018-11-14T08:17:03'
System info: host: '50HW019035', ip: '192.168.20.42', os.name: 'Windows 10', os.arch: 'amd64', os.version: '10.0', java.version: '1.8.0_191'
Driver info: driver.version: RemoteWebDriver
For documentation on this error, please visit: https://www.seleniumhq.org/exceptions/no_such_element.html
Build info: version: '3.141.59', revision: 'e82be7d358', time: '2018-11-14T08:17:03'
System info: host: '50HW019035', ip: '192.168.20.42', os.name: 'Windows 10', os.arch: 'amd64', os.version: '10.0', java.version: '1.8.0_191'
Driver info: driver.version: unknown&#13;
stepsdefinitions.Base.click(Base.java:39)&#13;
stepsdefinitions.formularioRegistroStepsDefinitions.seleccionaUnObjetoDeCadaCategoriaEntrePhonesLaptosYMonitors(formularioRegistroStepsDefinitions.java:87)&#13;
✽.selecciona un objeto de cada categoria entre (Phones, laptos y monitors)}(src/test/resources/features/formulario_registro.feature:13)&#13;
</system-err></testcase></testsuite>